app/build/intermediates/manifest_merge_blame_file/debug/manifest-merger-blame-debug-report.txt
1<?xml version="1.0" encoding="utf-8"?>
2<manifest xmlns:android="http://schemas.android.com/apk/res/android"
3    package="com.pear.pearsample"
4    android:versionCode="1"
5    android:versionName="1.0" >
6
7    <uses-sdk
8        android:minSdkVersion="26"
8-->src/main/AndroidManifest.xml
9        android:targetSdkVersion="31" />
9-->src/main/AndroidManifest.xml
10
11    <uses-permission android:name="android.permission.READ_EXTERNAL_STORAGE" />
11-->src/main/AndroidManifest.xml:5:5-79
11-->src/main/AndroidManifest.xml:5:22-77
12
13    <application
13-->src/main/AndroidManifest.xml:8:5-24:19
14        android:allowBackup="true"
14-->src/main/AndroidManifest.xml:9:9-35
15        android:appComponentFactory="androidx.core.app.CoreComponentFactory"
15-->[androidx.core:core:1.7.0] AndroidManifest.xml:24:18-86
16        android:debuggable="true"
17        android:extractNativeLibs="false"
18        android:icon="@mipmap/ic_launcher"
18-->src/main/AndroidManifest.xml:10:9-43
19        android:label="@string/app_name"
19-->src/main/AndroidManifest.xml:11:9-41
20        android:roundIcon="@mipmap/ic_launcher_round"
20-->src/main/AndroidManifest.xml:12:9-54
21        android:supportsRtl="true"
21-->src/main/AndroidManifest.xml:13:9-35
22        android:testOnly="true"
23        android:theme="@style/Theme.PearSample" >
23-->src/main/AndroidManifest.xml:14:9-48
24        <activity
24-->src/main/AndroidManifest.xml:15:9-23:20
25            android:name="com.pear.pearsample.FileChooserActivity"
25-->src/main/AndroidManifest.xml:16:13-67
26            android:exported="true" >
26-->src/main/AndroidManifest.xml:17:13-36
27            <intent-filter>
27-->src/main/AndroidManifest.xml:18:13-22:29
28                <action android:name="android.intent.action.MAIN" />
28-->src/main/AndroidManifest.xml:19:17-69
28-->src/main/AndroidManifest.xml:19:25-66
29
30                <category android:name="android.intent.category.LAUNCHER" />
30-->src/main/AndroidManifest.xml:21:17-77
30-->src/main/AndroidManifest.xml:21:27-74
31            </intent-filter>
32        </activity>
33
34        <provider
34-->[androidx.emoji2:emoji2:1.0.0] AndroidManifest.xml:26:9-34:20
35            android:name="androidx.startup.InitializationProvider"
35-->[androidx.emoji2:emoji2:1.0.0] AndroidManifest.xml:27:13-67
36            android:authorities="com.pear.pearsample.androidx-startup"
36-->[androidx.emoji2:emoji2:1.0.0] AndroidManifest.xml:28:13-68
37            android:exported="false" >
37-->[androidx.emoji2:emoji2:1.0.0] AndroidManifest.xml:29:13-37
38            <meta-data
38-->[androidx.emoji2:emoji2:1.0.0] AndroidManifest.xml:31:13-33:52
39                android:name="androidx.emoji2.text.EmojiCompatInitializer"
39-->[androidx.emoji2:emoji2:1.0.0] AndroidManifest.xml:32:17-75
40                android:value="androidx.startup" />
40-->[androidx.emoji2:emoji2:1.0.0] AndroidManifest.xml:33:17-49
41            <meta-data
41-->[androidx.lifecycle:lifecycle-process:2.4.0] AndroidManifest.xml:31:13-33:52
42                android:name="androidx.lifecycle.ProcessLifecycleInitializer"
42-->[androidx.lifecycle:lifecycle-process:2.4.0] AndroidManifest.xml:32:17-78
43                android:value="androidx.startup" />
43-->[androidx.lifecycle:lifecycle-process:2.4.0] AndroidManifest.xml:33:17-49
44        </provider>
45    </application>
46
47</manifest>